Performing C SOURCE FILE Test CMAKE_HAVE_LIBC_PTHREAD failed with the following output:
Change Dir: /home/ou/workspace/clion_ws/pc_utils/cmake-build-debug/CMakeFiles/CMakeTmp

Run Build Command(s):/usr/bin/make -f Makefile cmTC_e42ff/fast && /usr/bin/make  -f CMakeFiles/cmTC_e42ff.dir/build.make CMakeFiles/cmTC_e42ff.dir/build
make[1]: 进入目录“/home/ou/workspace/clion_ws/pc_utils/cmake-build-debug/CMakeFiles/CMakeTmp”
Building C object CMakeFiles/cmTC_e42ff.dir/src.c.o
/usr/bin/cc -DCMAKE_HAVE_LIBC_PTHREAD   -o CMakeFiles/cmTC_e42ff.dir/src.c.o -c /home/ou/workspace/clion_ws/pc_utils/cmake-build-debug/CMakeFiles/CMakeTmp/src.c
Linking C executable cmTC_e42ff
/home/ou/software/clion/clion-2020.3/bin/cmake/linux/bin/cmake -E cmake_link_script CMakeFiles/cmTC_e42ff.dir/link.txt --verbose=1
/usr/bin/cc CMakeFiles/cmTC_e42ff.dir/src.c.o -o cmTC_e42ff 
CMakeFiles/cmTC_e42ff.dir/src.c.o：在函数‘main’中：
src.c:(.text+0x3e)：对‘pthread_create’未定义的引用
src.c:(.text+0x4a)：对‘pthread_detach’未定义的引用
src.c:(.text+0x56)：对‘pthread_cancel’未定义的引用
src.c:(.text+0x67)：对‘pthread_join’未定义的引用
src.c:(.text+0x7b)：对‘pthread_atfork’未定义的引用
collect2: error: ld returned 1 exit status
CMakeFiles/cmTC_e42ff.dir/build.make:98: recipe for target 'cmTC_e42ff' failed
make[1]: *** [cmTC_e42ff] Error 1
make[1]: 离开目录“/home/ou/workspace/clion_ws/pc_utils/cmake-build-debug/CMakeFiles/CMakeTmp”
Makefile:127: recipe for target 'cmTC_e42ff/fast' failed
make: *** [cmTC_e42ff/fast] Error 2


Source file was:
#include <pthread.h>

static void* test_func(void* data)
{
  return data;
}

int main(void)
{
  pthread_t thread;
  pthread_create(&thread, NULL, test_func, NULL);
  pthread_detach(thread);
  pthread_cancel(thread);
  pthread_join(thread, NULL);
  pthread_atfork(NULL, NULL, NULL);
  pthread_exit(NULL);

  return 0;
}

Determining if the function pthread_create exists in the pthreads failed with the following output:
Change Dir: /home/ou/workspace/clion_ws/pc_utils/cmake-build-debug/CMakeFiles/CMakeTmp

Run Build Command(s):/usr/bin/make -f Makefile cmTC_d73a4/fast && /usr/bin/make  -f CMakeFiles/cmTC_d73a4.dir/build.make CMakeFiles/cmTC_d73a4.dir/build
make[1]: 进入目录“/home/ou/workspace/clion_ws/pc_utils/cmake-build-debug/CMakeFiles/CMakeTmp”
Building C object CMakeFiles/cmTC_d73a4.dir/CheckFunctionExists.c.o
/usr/bin/cc   -DCHECK_FUNCTION_EXISTS=pthread_create -o CMakeFiles/cmTC_d73a4.dir/CheckFunctionExists.c.o -c /home/ou/software/clion/clion-2020.3/bin/cmake/linux/share/cmake-3.20/Modules/CheckFunctionExists.c
Linking C executable cmTC_d73a4
/home/ou/software/clion/clion-2020.3/bin/cmake/linux/bin/cmake -E cmake_link_script CMakeFiles/cmTC_d73a4.dir/link.txt --verbose=1
/usr/bin/cc  -DCHECK_FUNCTION_EXISTS=pthread_create CMakeFiles/cmTC_d73a4.dir/CheckFunctionExists.c.o -o cmTC_d73a4  -lpthreads 
/usr/bin/ld: 找不到 -lpthreads
collect2: error: ld returned 1 exit status
CMakeFiles/cmTC_d73a4.dir/build.make:98: recipe for target 'cmTC_d73a4' failed
make[1]: *** [cmTC_d73a4] Error 1
make[1]: 离开目录“/home/ou/workspace/clion_ws/pc_utils/cmake-build-debug/CMakeFiles/CMakeTmp”
Makefile:127: recipe for target 'cmTC_d73a4/fast' failed
make: *** [cmTC_d73a4/fast] Error 2



